Flutter crash report.
Please report a bug at https://github.com/flutter/flutter/issues.

## command

flutter --no-color run --machine --track-widget-creation --device-id=emulator-5554 --start-paused --dart-define=flutter.inspector.structuredErrors=true lib/main.dart

## exception

ProcessException: ProcessException: The command failed
  Command: unzip -o -q /home/caioissa/snap/flutter/common/flutter/bin/cache/downloads/storage.googleapis.com/flutter_infra/flutter/9d5b21729ff53dbf8eadd8bc97e0e30d77abec95/android-x64-release/linux-x64.zip -d /home/caioissa/snap/flutter/common/flutter/bin/cache/artifacts/engine/android-x64-release/linux-x64

```
#0      RunResult.throwException (package:flutter_tools/src/base/process.dart:172:5)
#1      _DefaultProcessUtils.runSync (package:flutter_tools/src/base/process.dart:452:17)
#2      _PosixUtils.unzip (package:flutter_tools/src/base/os.dart:226:19)
#3      CachedArtifact._downloadArchive.<anonymous closure> (package:flutter_tools/src/cache.dart:651:16)
<asynchronous suspension>
#4      CachedArtifact._downloadArchive.<anonymous closure> (package:flutter_tools/src/cache.dart)
#5      CachedArtifact._withDownloadFile (package:flutter_tools/src/cache.dart:670:26)
#6      CachedArtifact._downloadArchive (package:flutter_tools/src/cache.dart:636:12)
#7      CachedArtifact._downloadZipArchive (package:flutter_tools/src/cache.dart:657:12)
#8      EngineCachedArtifact.updateInner (package:flutter_tools/src/cache.dart:795:13)
<asynchronous suspension>
#9      CachedArtifact.update (package:flutter_tools/src/cache.dart:592:11)
#10     Cache.updateAll (package:flutter_tools/src/cache.dart:458:24)
#11     FlutterCommand.verifyThenRunCommand (package:flutter_tools/src/runner/flutter_command.dart:833:27)
<asynchronous suspension>
#12     FlutterCommand.run.<anonymous closure> (package:flutter_tools/src/runner/flutter_command.dart:741:33)
<asynchronous suspension>
#13     FlutterCommand.run.<anonymous closure> (package:flutter_tools/src/runner/flutter_command.dart)
#14     AppContext.run.<anonymous closure> (package:flutter_tools/src/base/context.dart:150:29)
#15     _rootRun (dart:async/zone.dart:1190:13)
#16     _CustomZone.run (dart:async/zone.dart:1093:19)
#17     _runZoned (dart:async/zone.dart:1630:10)
#18     runZoned (dart:async/zone.dart:1550:10)
#19     AppContext.run (package:flutter_tools/src/base/context.dart:149:18)
#20     FlutterCommand.run (package:flutter_tools/src/runner/flutter_command.dart:730:20)
#21     CommandRunner.runCommand (package:args/command_runner.dart:197:27)
#22     FlutterCommandRunner.runCommand.<anonymous closure> (package:flutter_tools/src/runner/flutter_command_runner.dart:332:21)
<asynchronous suspension>
#23     FlutterCommandRunner.runCommand.<anonymous closure> (package:flutter_tools/src/runner/flutter_command_runner.dart)
#24     AppContext.run.<anonymous closure> (package:flutter_tools/src/base/context.dart:150:29)
#25     _rootRun (dart:async/zone.dart:1190:13)
#26     _CustomZone.run (dart:async/zone.dart:1093:19)
#27     _runZoned (dart:async/zone.dart:1630:10)
#28     runZoned (dart:async/zone.dart:1550:10)
#29     AppContext.run (package:flutter_tools/src/base/context.dart:149:18)
#30     FlutterCommandRunner.runCommand (package:flutter_tools/src/runner/flutter_command_runner.dart:282:19)
<asynchronous suspension>
#31     CommandRunner.run.<anonymous closure> (package:args/command_runner.dart:112:25)
#32     new Future.sync (dart:async/future.dart:223:31)
#33     CommandRunner.run (package:args/command_runner.dart:112:14)
#34     FlutterCommandRunner.run (package:flutter_tools/src/runner/flutter_command_runner.dart:231:18)
#35     run.<anonymous closure>.<anonymous closure> (package:flutter_tools/runner.dart:69:22)
#36     _rootRun (dart:async/zone.dart:1190:13)
#37     _CustomZone.run (dart:async/zone.dart:1093:19)
#38     _runZoned (dart:async/zone.dart:1630:10)
#39     runZonedGuarded (dart:async/zone.dart:1618:12)
#40     runZoned (dart:async/zone.dart:1547:12)
#41     run.<anonymous closure> (package:flutter_tools/runner.dart:67:18)
<asynchronous suspension>
#42     run.<anonymous closure> (package:flutter_tools/runner.dart)
#43     runInContext.runnerWrapper (package:flutter_tools/src/context_runner.dart:62:18)
<asynchronous suspension>
#44     runInContext.runnerWrapper (package:flutter_tools/src/context_runner.dart)
#45     AppContext.run.<anonymous closure> (package:flutter_tools/src/base/context.dart:150:29)
#46     _rootRun (dart:async/zone.dart:1190:13)
#47     _CustomZone.run (dart:async/zone.dart:1093:19)
#48     _runZoned (dart:async/zone.dart:1630:10)
#49     runZoned (dart:async/zone.dart:1550:10)
#50     AppContext.run (package:flutter_tools/src/base/context.dart:149:18)
#51     runInContext (package:flutter_tools/src/context_runner.dart:65:24)
#52     run (package:flutter_tools/runner.dart:52:10)
#53     main (package:flutter_tools/executable.dart:73:9)
#54     main (file:///home/caioissa/snap/flutter/common/flutter/packages/flutter_tools/bin/flutter_tools.dart:8:3)
#55     _startIsolate.<anonymous closure> (dart:isolate-patch/isolate_patch.dart:299:32)
#56     _RawReceivePortImpl._handleMessage (dart:isolate-patch/isolate_patch.dart:168:12)
```

## flutter doctor

```
[✓] Flutter (Channel stable, 1.20.2, on Linux, locale en_US.UTF-8)
    • Flutter version 1.20.2 at /home/caioissa/snap/flutter/common/flutter
    • Framework revision bbfbf1770c (7 days ago), 2020-08-13 08:33:09 -0700
    • Engine revision 9d5b21729f
    • Dart version 2.9.1

[✓] Android toolchain - develop for Android devices (Android SDK version 29.0.2)
    • Android SDK at /home/caioissa/Android/Sdk
    • Platform android-30, build-tools 29.0.2
    • Java binary at: /snap/android-studio/91/android-studio/jre/bin/java
    • Java version OpenJDK Runtime Environment (build 1.8.0_242-release-1644-b3-6222593)
    • All Android licenses accepted.

[✓] Android Studio (version 4.0)
    • Android Studio at /snap/android-studio/91/android-studio
    • Flutter plugin version 48.1.2
    • Dart plugin version 193.7361
    • Java version OpenJDK Runtime Environment (build 1.8.0_242-release-1644-b3-6222593)

[✓] VS Code (version 1.47.2)
    • VS Code at /usr/share/code
    • Flutter extension version 3.13.2

[✓] Connected device (1 available)
    • sdk gphone x86 (mobile) • emulator-5554 • android-x86 • Android 11 (API 30) (emulator)

• No issues found!
```
